This is pdfTeX, Version 3.141592653-2.6-1.40.24 (TeX Live 2022/Debian) (preloaded format=pdflatex 2023.11.23)  28 NOV 2023 15:12
entering extended mode
 restricted \write18 enabled.
 %&-line parsing enabled.
**rahul_op.tex
(./rahul_op.tex
LaTeX2e <2022-11-01> patch level 1
L3 programming layer <2023-01-16>
(/usr/share/texlive/texmf-dist/tex/latex/base/article.cls
Document Class: article 2022/07/02 v1.4n Standard LaTeX document class
(/usr/share/texlive/texmf-dist/tex/latex/base/size10.clo
File: size10.clo 2022/07/02 v1.4n Standard LaTeX file (size option)
)
\c@part=\count185
\c@section=\count186
\c@subsection=\count187
\c@subsubsection=\count188
\c@paragraph=\count189
\c@subparagraph=\count190
\c@figure=\count191
\c@table=\count192
\abovecaptionskip=\skip48
\belowcaptionskip=\skip49
\bibindent=\dimen140
)
(/usr/share/texlive/texmf-dist/tex/latex/base/inputenc.sty
Package: inputenc 2021/02/14 v1.3d Input encoding file
\inpenc@prehook=\toks16
\inpenc@posthook=\toks17

(/usr/share/texlive/texmf-dist/tex/latex/base/ascii.def
File: ascii.def 2021/02/14 v1.3d Input encoding file
))
(/usr/share/texlive/texmf-dist/tex/latex/base/fontenc.sty
Package: fontenc 2021/04/29 v2.0v Standard LaTeX package
)
(/usr/share/texlive/texmf-dist/tex/generic/babel/babel.sty
Package: babel 2022/12/26 3.84 The Babel package
\babel@savecnt=\count193
\U@D=\dimen141
\l@unhyphenated=\language7

(/usr/share/texlive/texmf-dist/tex/generic/babel/txtbabel.def)
\bbl@readstream=\read2
\bbl@dirlevel=\count194

(/usr/share/texlive/texmf-dist/tex/generic/babel-english/english.ldf
Language: english 2017/06/06 v3.3r English support from the babel system
Package babel Info: Hyphen rules for 'british' set to \l@english
(babel)             (\language0). Reported on input line 82.
Package babel Info: Hyphen rules for 'UKenglish' set to \l@english
(babel)             (\language0). Reported on input line 83.
Package babel Info: Hyphen rules for 'canadian' set to \l@english
(babel)             (\language0). Reported on input line 102.
Package babel Info: Hyphen rules for 'australian' set to \l@english
(babel)             (\language0). Reported on input line 105.
Package babel Info: Hyphen rules for 'newzealand' set to \l@english
(babel)             (\language0). Reported on input line 108.
))
(/usr/share/texlive/texmf-dist/tex/generic/babel/locale/en/babel-english.tex
Package babel Info: Importing font and identification data for english
(babel)             from babel-en.ini. Reported on input line 11.
)
(/usr/share/texlive/texmf-dist/tex/latex/amsmath/amsmath.sty
Package: amsmath 2022/04/08 v2.17n AMS math features
\@mathmargin=\skip50

For additional information on amsmath, use the `?' option.
(/usr/share/texlive/texmf-dist/tex/latex/amsmath/amstext.sty
Package: amstext 2021/08/26 v2.01 AMS text

(/usr/share/texlive/texmf-dist/tex/latex/amsmath/amsgen.sty
File: amsgen.sty 1999/11/30 v2.0 generic functions
\@emptytoks=\toks18
\ex@=\dimen142
))
(/usr/share/texlive/texmf-dist/tex/latex/amsmath/amsbsy.sty
Package: amsbsy 1999/11/29 v1.2d Bold Symbols
\pmbraise@=\dimen143
)
(/usr/share/texlive/texmf-dist/tex/latex/amsmath/amsopn.sty
Package: amsopn 2022/04/08 v2.04 operator names
)
\inf@bad=\count195
LaTeX Info: Redefining \frac on input line 234.
\uproot@=\count196
\leftroot@=\count197
LaTeX Info: Redefining \overline on input line 399.
LaTeX Info: Redefining \colon on input line 410.
\classnum@=\count198
\DOTSCASE@=\count199
LaTeX Info: Redefining \ldots on input line 496.
LaTeX Info: Redefining \dots on input line 499.
LaTeX Info: Redefining \cdots on input line 620.
\Mathstrutbox@=\box51
\strutbox@=\box52
LaTeX Info: Redefining \big on input line 722.
LaTeX Info: Redefining \Big on input line 723.
LaTeX Info: Redefining \bigg on input line 724.
LaTeX Info: Redefining \Bigg on input line 725.
\big@size=\dimen144
LaTeX Font Info:    Redeclaring font encoding OML on input line 743.
LaTeX Font Info:    Redeclaring font encoding OMS on input line 744.
\macc@depth=\count266
LaTeX Info: Redefining \bmod on input line 905.
LaTeX Info: Redefining \pmod on input line 910.
LaTeX Info: Redefining \smash on input line 940.
LaTeX Info: Redefining \relbar on input line 970.
LaTeX Info: Redefining \Relbar on input line 971.
\c@MaxMatrixCols=\count267
\dotsspace@=\muskip16
\c@parentequation=\count268
\dspbrk@lvl=\count269
\tag@help=\toks19
\row@=\count270
\column@=\count271
\maxfields@=\count272
\andhelp@=\toks20
\eqnshift@=\dimen145
\alignsep@=\dimen146
\tagshift@=\dimen147
\tagwidth@=\dimen148
\totwidth@=\dimen149
\lineht@=\dimen150
\@envbody=\toks21
\multlinegap=\skip51
\multlinetaggap=\skip52
\mathdisplay@stack=\toks22
LaTeX Info: Redefining \[ on input line 2953.
LaTeX Info: Redefining \] on input line 2954.
)
(/usr/share/texlive/texmf-dist/tex/latex/amsfonts/amssymb.sty
Package: amssymb 2013/01/14 v3.01 AMS font symbols

(/usr/share/texlive/texmf-dist/tex/latex/amsfonts/amsfonts.sty
Package: amsfonts 2013/01/14 v3.01 Basic AMSFonts support
\symAMSa=\mathgroup4
\symAMSb=\mathgroup5
LaTeX Font Info:    Redeclaring math symbol \hbar on input line 98.
LaTeX Font Info:    Overwriting math alphabet `\mathfrak' in version `bold'
(Font)                  U/euf/m/n --> U/euf/b/n on input line 106.
))
(/usr/share/texlive/texmf-dist/tex/latex/base/textcomp.sty
Package: textcomp 2020/02/02 v2.0n Standard LaTeX package
)
(/usr/share/texlive/texmf-dist/tex/latex/graphics/color.sty
Package: color 2022/01/06 v1.3d Standard LaTeX Color (DPC)

(/usr/share/texlive/texmf-dist/tex/latex/graphics-cfg/color.cfg
File: color.cfg 2016/01/02 v1.6 sample color configuration
)
Package color Info: Driver file: pdftex.def on input line 149.

(/usr/share/texlive/texmf-dist/tex/latex/graphics-def/pdftex.def
File: pdftex.def 2022/09/22 v1.2b Graphics/color driver for pdftex
)
(/usr/share/texlive/texmf-dist/tex/latex/graphics/mathcolor.ltx))
(/usr/share/texlive/texmf-dist/tex/latex/tools/array.sty
Package: array 2022/09/04 v2.5g Tabular extension package (FMi)
\col@sep=\dimen151
\ar@mcellbox=\box53
\extrarowheight=\dimen152
\NC@list=\toks23
\extratabsurround=\skip53
\backup@length=\skip54
\ar@cellbox=\box54
)
(/usr/share/texlive/texmf-dist/tex/latex/supertabular/supertabular.sty
Package: supertabular 2020/02/02 v4.1g the supertabular environment
\c@tracingst=\count273
\ST@wd=\dimen153
\ST@rightskip=\skip55
\ST@leftskip=\skip56
\ST@parfillskip=\skip57
\ST@pageleft=\dimen154
\ST@headht=\dimen155
\ST@tailht=\dimen156
\ST@pagesofar=\dimen157
\ST@pboxht=\dimen158
\ST@lineht=\dimen159
\ST@prevht=\dimen160
\ST@toadd=\dimen161
\ST@dimen=\dimen162
\ST@pbox=\box55
)
(/usr/share/texlive/texmf-dist/tex/latex/tools/hhline.sty
Package: hhline 2020/01/04 v2.04 Table rule package (DPC)
)
(/usr/share/texlive/texmf-dist/tex/latex/hyperref/hyperref.sty
Package: hyperref 2022-11-13 v7.00u Hypertext links for LaTeX

(/usr/share/texlive/texmf-dist/tex/generic/ltxcmds/ltxcmds.sty
Package: ltxcmds 2020-05-10 v1.25 LaTeX kernel commands for general use (HO)
)
(/usr/share/texlive/texmf-dist/tex/generic/iftex/iftex.sty
Package: iftex 2022/02/03 v1.0f TeX engine tests
)
(/usr/share/texlive/texmf-dist/tex/generic/pdftexcmds/pdftexcmds.sty
Package: pdftexcmds 2020-06-27 v0.33 Utility functions of pdfTeX for LuaTeX (HO
)

(/usr/share/texlive/texmf-dist/tex/generic/infwarerr/infwarerr.sty
Package: infwarerr 2019/12/03 v1.5 Providing info/warning/error messages (HO)
)
Package pdftexcmds Info: \pdf@primitive is available.
Package pdftexcmds Info: \pdf@ifprimitive is available.
Package pdftexcmds Info: \pdfdraftmode found.
)
(/usr/share/texlive/texmf-dist/tex/latex/graphics/keyval.sty
Package: keyval 2022/05/29 v1.15 key=value parser (DPC)
\KV@toks@=\toks24
)
(/usr/share/texlive/texmf-dist/tex/latex/kvsetkeys/kvsetkeys.sty
Package: kvsetkeys 2022-10-05 v1.19 Key value parser (HO)
)
(/usr/share/texlive/texmf-dist/tex/generic/kvdefinekeys/kvdefinekeys.sty
Package: kvdefinekeys 2019-12-19 v1.6 Define keys (HO)
)
(/usr/share/texlive/texmf-dist/tex/generic/pdfescape/pdfescape.sty
Package: pdfescape 2019/12/09 v1.15 Implements pdfTeX's escape features (HO)
)
(/usr/share/texlive/texmf-dist/tex/latex/hycolor/hycolor.sty
Package: hycolor 2020-01-27 v1.10 Color options for hyperref/bookmark (HO)
)
(/usr/share/texlive/texmf-dist/tex/latex/letltxmacro/letltxmacro.sty
Package: letltxmacro 2019/12/03 v1.6 Let assignment for LaTeX macros (HO)
)
(/usr/share/texlive/texmf-dist/tex/latex/auxhook/auxhook.sty
Package: auxhook 2019-12-17 v1.6 Hooks for auxiliary files (HO)
)
(/usr/share/texlive/texmf-dist/tex/latex/hyperref/nameref.sty
Package: nameref 2022-05-17 v2.50 Cross-referencing by name of section

(/usr/share/texlive/texmf-dist/tex/latex/refcount/refcount.sty
Package: refcount 2019/12/15 v3.6 Data extraction from label references (HO)
)
(/usr/share/texlive/texmf-dist/tex/generic/gettitlestring/gettitlestring.sty
Package: gettitlestring 2019/12/15 v1.6 Cleanup title references (HO)

(/usr/share/texlive/texmf-dist/tex/latex/kvoptions/kvoptions.sty
Package: kvoptions 2022-06-15 v3.15 Key value format for package options (HO)
))
\c@section@level=\count274
)
\@linkdim=\dimen163
\Hy@linkcounter=\count275
\Hy@pagecounter=\count276

(/usr/share/texlive/texmf-dist/tex/latex/hyperref/pd1enc.def
File: pd1enc.def 2022-11-13 v7.00u Hyperref: PDFDocEncoding definition (HO)
Now handling font encoding PD1 ...
... no UTF-8 mapping file for font encoding PD1
)
(/usr/share/texlive/texmf-dist/tex/generic/intcalc/intcalc.sty
Package: intcalc 2019/12/15 v1.3 Expandable calculations with integers (HO)
)
(/usr/share/texlive/texmf-dist/tex/generic/etexcmds/etexcmds.sty
Package: etexcmds 2019/12/15 v1.7 Avoid name clashes with e-TeX commands (HO)
)
\Hy@SavedSpaceFactor=\count277

(/usr/share/texlive/texmf-dist/tex/latex/hyperref/puenc.def
File: puenc.def 2022-11-13 v7.00u Hyperref: PDF Unicode definition (HO)
Now handling font encoding PU ...
... no UTF-8 mapping file for font encoding PU
)
Package hyperref Info: Hyper figures OFF on input line 4162.
Package hyperref Info: Link nesting OFF on input line 4167.
Package hyperref Info: Hyper index ON on input line 4170.
Package hyperref Info: Plain pages OFF on input line 4177.
Package hyperref Info: Backreferencing OFF on input line 4182.
Package hyperref Info: Implicit mode ON; LaTeX internals redefined.
Package hyperref Info: Bookmarks ON on input line 4410.
\c@Hy@tempcnt=\count278

(/usr/share/texlive/texmf-dist/tex/latex/url/url.sty
\Urlmuskip=\muskip17
Package: url 2013/09/16  ver 3.4  Verb mode for urls, etc.
)
LaTeX Info: Redefining \url on input line 4748.
\XeTeXLinkMargin=\dimen164

(/usr/share/texlive/texmf-dist/tex/generic/bitset/bitset.sty
Package: bitset 2019/12/09 v1.3 Handle bit-vector datatype (HO)

(/usr/share/texlive/texmf-dist/tex/generic/bigintcalc/bigintcalc.sty
Package: bigintcalc 2019/12/15 v1.5 Expandable calculations on big integers (HO
)
))
\Fld@menulength=\count279
\Field@Width=\dimen165
\Fld@charsize=\dimen166
Package hyperref Info: Hyper figures OFF on input line 6027.
Package hyperref Info: Link nesting OFF on input line 6032.
Package hyperref Info: Hyper index ON on input line 6035.
Package hyperref Info: backreferencing OFF on input line 6042.
Package hyperref Info: Link coloring OFF on input line 6047.
Package hyperref Info: Link coloring with OCG OFF on input line 6052.
Package hyperref Info: PDF/A mode OFF on input line 6057.

(/usr/share/texlive/texmf-dist/tex/latex/base/atbegshi-ltx.sty
Package: atbegshi-ltx 2021/01/10 v1.0c Emulation of the original atbegshi
package with kernel methods
)
\Hy@abspage=\count280
\c@Item=\count281
\c@Hfootnote=\count282
)
Package hyperref Info: Driver (autodetected): hpdftex.

(/usr/share/texlive/texmf-dist/tex/latex/hyperref/hpdftex.def
File: hpdftex.def 2022-11-13 v7.00u Hyperref driver for pdfTeX

(/usr/share/texlive/texmf-dist/tex/latex/base/atveryend-ltx.sty
Package: atveryend-ltx 2020/08/19 v1.0a Emulation of the original atveryend pac
kage
with kernel methods
)
\Fld@listcount=\count283
\c@bookmark@seq@number=\count284

(/usr/share/texlive/texmf-dist/tex/latex/rerunfilecheck/rerunfilecheck.sty
Package: rerunfilecheck 2022-07-10 v1.10 Rerun checks for auxiliary files (HO)

(/usr/share/texlive/texmf-dist/tex/generic/uniquecounter/uniquecounter.sty
Package: uniquecounter 2019/12/15 v1.4 Provide unlimited unique counter (HO)
)
Package uniquecounter Info: New unique counter `rerunfilecheck' on input line 2
85.
)
\Hy@SectionHShift=\skip58
)

Package hyperref Warning: Option `pdftex' has already been used,
(hyperref)                setting the option has no effect on input line 14.

Package hyperref Info: Option `colorlinks' set `true' on input line 14.
(/usr/share/texlive/texmf-dist/tex/latex/graphics/graphicx.sty
Package: graphicx 2021/09/16 v1.2d Enhanced LaTeX Graphics (DPC,SPQR)

(/usr/share/texlive/texmf-dist/tex/latex/graphics/graphics.sty
Package: graphics 2022/03/10 v1.4e Standard LaTeX Graphics (DPC,SPQR)

(/usr/share/texlive/texmf-dist/tex/latex/graphics/trig.sty
Package: trig 2021/08/11 v1.11 sin cos tan (DPC)
)
(/usr/share/texlive/texmf-dist/tex/latex/graphics-cfg/graphics.cfg
File: graphics.cfg 2016/06/04 v1.11 sample graphics configuration
)
Package graphics Info: Driver file: pdftex.def on input line 107.
)
\Gin@req@height=\dimen167
\Gin@req@width=\dimen168
)
(/usr/share/texlive/texmf-dist/tex/latex/l3backend/l3backend-pdftex.def
File: l3backend-pdftex.def 2023-01-16 L3 backend support: PDF output (pdfTeX)
\l__color_backend_stack_int=\count285
\l__pdf_internal_box=\box56
)
(./rahul_op.aux)
\openout1 = `rahul_op.aux'.

LaTeX Font Info:    Checking defaults for OML/cmm/m/it on input line 169.
LaTeX Font Info:    ... okay on input line 169.
LaTeX Font Info:    Checking defaults for OMS/cmsy/m/n on input line 169.
LaTeX Font Info:    ... okay on input line 169.
LaTeX Font Info:    Checking defaults for OT1/cmr/m/n on input line 169.
LaTeX Font Info:    ... okay on input line 169.
LaTeX Font Info:    Checking defaults for T1/cmr/m/n on input line 169.
LaTeX Font Info:    ... okay on input line 169.
LaTeX Font Info:    Checking defaults for TS1/cmr/m/n on input line 169.
LaTeX Font Info:    ... okay on input line 169.
LaTeX Font Info:    Checking defaults for OMX/cmex/m/n on input line 169.
LaTeX Font Info:    ... okay on input line 169.
LaTeX Font Info:    Checking defaults for U/cmr/m/n on input line 169.
LaTeX Font Info:    ... okay on input line 169.
LaTeX Font Info:    Checking defaults for PD1/pdf/m/n on input line 169.
LaTeX Font Info:    ... okay on input line 169.
LaTeX Font Info:    Checking defaults for PU/pdf/m/n on input line 169.
LaTeX Font Info:    ... okay on input line 169.

(/usr/share/texlive/texmf-dist/tex/context/base/mkii/supp-pdf.mkii
[Loading MPS to PDF converter (version 2006.09.02).]
\scratchcounter=\count286
\scratchdimen=\dimen169
\scratchbox=\box57
\nofMPsegments=\count287
\nofMParguments=\count288
\everyMPshowfont=\toks25
\MPscratchCnt=\count289
\MPscratchDim=\dimen170
\MPnumerator=\count290
\makeMPintoPDFobject=\count291
\everyMPtoPDFconversion=\toks26
) (/usr/share/texlive/texmf-dist/tex/latex/epstopdf-pkg/epstopdf-base.sty
Package: epstopdf-base 2020-01-24 v2.11 Base part for package epstopdf

(/usr/share/texlive/texmf-dist/tex/latex/grfext/grfext.sty
Package: grfext 2019/12/03 v1.3 Manage graphics extensions (HO)
)
Package epstopdf-base Info: Redefining graphics rule for `.eps' on input line 4
85.
Package grfext Info: Graphics extension search list:
(grfext)             [.pdf,.png,.jpg,.mps,.jpeg,.jbig2,.jb2,.PDF,.PNG,.JPG,.JPE
G,.JBIG2,.JB2,.eps]
(grfext)             \AppendGraphicsExtensions on input line 504.

(/usr/share/texlive/texmf-dist/tex/latex/latexconfig/epstopdf-sys.cfg
File: epstopdf-sys.cfg 2010/07/13 v1.3 Configuration of (r)epstopdf for TeX Liv
e
))
Package hyperref Info: Link coloring ON on input line 169.

(./rahul_op.out) (./rahul_op.out)
\@outlinefile=\write3
\openout3 = `rahul_op.out'.

<rahulop-img001.png, id=4, 253.94875pt x 190.7125pt>
File: rahulop-img001.png Graphic file (type png)
<use rahulop-img001.png>
Package pdftex.def Info: rahulop-img001.png  used on input line 171.
(pdftex.def)             Requested size: 100.17883pt x 75.22438pt.
<rahulop-img002.jpg, id=5, 224.84pt x 240.9pt>
File: rahulop-img002.jpg Graphic file (type jpg)
<use rahulop-img002.jpg>
Package pdftex.def Info: rahulop-img002.jpg  used on input line 252.
(pdftex.def)             Requested size: 80.68845pt x 86.72392pt.
 [1


{/var/lib/texmf/fonts/map/pdftex/updmap/pdftex.map} <./rahulop-img001.png (PNG 
copy)> <./rahulop-img002.jpg>]
<rahulop-img003.jpg, id=13, 224.84pt x 240.9pt>
File: rahulop-img003.jpg Graphic file (type jpg)
<use rahulop-img003.jpg>
Package pdftex.def Info: rahulop-img003.jpg  used on input line 289.
(pdftex.def)             Requested size: 80.8051pt x 86.72392pt.
LaTeX Font Info:    Trying to load font information for U+msa on input line 348
.

(/usr/share/texlive/texmf-dist/tex/latex/amsfonts/umsa.fd
File: umsa.fd 2013/01/14 v3.01 AMS symbols A
)
LaTeX Font Info:    Trying to load font information for U+msb on input line 348
.

(/usr/share/texlive/texmf-dist/tex/latex/amsfonts/umsb.fd
File: umsb.fd 2013/01/14 v3.01 AMS symbols B
)
Overfull \hbox (24.44124pt too wide) in paragraph at lines 348--361
[]  
 []


Underfull \hbox (badness 10000) has occurred while \output is active
\T1/cmr/m/n/10 [Warning: Draw object ignored]
 []


Underfull \hbox (badness 10000) has occurred while \output is active
\T1/cmr/m/n/10 2
 []

[2

 <./rahulop-img003.jpg>]
Underfull \hbox (badness 10000) has occurred while \output is active
\T1/cmr/m/n/10 1
 []


pdfTeX warning (ext4): destination with the same identifier (name{page.1}) has 
been already used, duplicate ignored
<to be read again> 
                   \relax 
l.465 \clearpage
                \clearpage\setcounter{page}{1}\pagestyle{Convertediii} [1

]
Underfull \hbox (badness 10000) has occurred while \output is active
\T1/cmr/m/n/10 1
 []


pdfTeX warning (ext4): destination with the same identifier (name{page.1}) has 
been already used, duplicate ignored
<to be read again> 
                   \relax 
l.499 \clearpage
                \setcounter{page}{1}\pagestyle{Convertediv} [1


]
Overfull \hbox (89.65356pt too wide) in paragraph at lines 507--508
[][]\T1/cmr/m/n/10 CERTIFICATE.................................................
.....................................................2[] 
 []


Overfull \hbox (85.2102pt too wide) in paragraph at lines 509--510
[][]\T1/cmr/m/n/10 DECLARATION.................................................
...................................................3[] 
 []


Overfull \hbox (75.42093pt too wide) in paragraph at lines 511--512
[]\T1/cmr/m/n/10 ACKNOWLEDGEMENT...............................................
...........................................3 
 []


Overfull \hbox (92.70837pt too wide) in paragraph at lines 514--515
[][]\T1/cmr/m/n/10 ABSTRACT....................................................
......................................................4
 []

(./rahul_op.toc)
\tf@toc=\write4
\openout4 = `rahul_op.toc'.


Underfull \hbox (badness 10000) has occurred while \output is active
\T1/cmr/m/n/10 1
 []


pdfTeX warning (ext4): destination with the same identifier (name{page.1}) has 
been already used, duplicate ignored
<to be read again> 
                   \relax 
l.519 \clearpage
                \setcounter{page}{1}\pagestyle{Convertedv} [1

] (./rahul_op.toc)
\tf@toc=\write5
\openout5 = `rahul_op.toc'.

(./rahul_op.toc)
\tf@toc=\write6
\openout6 = `rahul_op.toc'.

 (./rahul_op.toc)
\tf@toc=\write7
\openout7 = `rahul_op.toc'.

 (./rahul_op.toc)
\tf@toc=\write8
\openout8 = `rahul_op.toc'.

 (./rahul_op.toc)
\tf@toc=\write9
\openout9 = `rahul_op.toc'.


Underfull \hbox (badness 10000) has occurred while \output is active
\T1/cmr/m/n/10 1
 []


pdfTeX warning (ext4): destination with the same identifier (name{page.1}) has 
been already used, duplicate ignored
<to be read again> 
                   \relax 
l.606 \clearpage
                \setcounter{page}{1}\pagestyle{Convertedvi} [1

]
Underfull \hbox (badness 10000) has occurred while \output is active
\T1/cmr/m/n/10 1
 []


pdfTeX warning (ext4): destination with the same identifier (name{page.1}) has 
been already used, duplicate ignored
<to be read again> 
                   \relax 
l.668 
       [1

]
Underfull \hbox (badness 10000) has occurred while \output is active
\T1/cmr/m/n/10 2
 []


pdfTeX warning (ext4): destination with the same identifier (name{page.2}) has 
been already used, duplicate ignored
<to be read again> 
                   \relax 
l.681 \clearpage
                \setcounter{page}{1}\pagestyle{Convertedvii} [2]
Underfull \hbox (badness 6063) in paragraph at lines 723--723
[]\T1/cmr/m/n/10 Music pro-vides en-joy-ment and
 []


Underfull \hbox (badness 2744) in paragraph at lines 731--732
[]\T1/cmr/m/n/10 Individuals are drawn to mu-sic
 []


Underfull \hbox (badness 3049) in paragraph at lines 731--732
\T1/cmr/m/n/10 for sim-i-lar rea-sons that at-tract
 []


Underfull \hbox (badness 1509) in paragraph at lines 738--740
[]\T1/cmr/m/n/10 The re-search demon-strated that
 []


Overfull \hbox (35.57674pt too wide) in paragraph at lines 703--758
[]  
 []


Underfull \hbox (badness 10000) has occurred while \output is active
\T1/cmr/m/n/10 1
 []


pdfTeX warning (ext4): destination with the same identifier (name{page.1}) has 
been already used, duplicate ignored
<to be read again> 
                   \relax 
l.779 \clearpage
                \setcounter{page}{1}\pagestyle{Convertedviii} [1

]
<rahulop-img004.jpg, id=57, 596.2275pt x 583.17876pt>
File: rahulop-img004.jpg Graphic file (type jpg)
<use rahulop-img004.jpg>
Package pdftex.def Info: rahulop-img004.jpg  used on input line 793.
(pdftex.def)             Requested size: 316.6177pt x 241.64983pt.
<rahulop-img005.jpg, id=58, 833.1125pt x 393.47pt>
File: rahulop-img005.jpg Graphic file (type jpg)
<use rahulop-img005.jpg>
Package pdftex.def Info: rahulop-img005.jpg  used on input line 822.
(pdftex.def)             Requested size: 453.00127pt x 198.39757pt.

Overfull \hbox (15.0059pt too wide) in paragraph at lines 822--823
[][] 
 []


Underfull \hbox (badness 10000) has occurred while \output is active
\T1/cmr/m/n/10 1
 []


pdfTeX warning (ext4): destination with the same identifier (name{page.1}) has 
been already used, duplicate ignored
<to be read again> 
                   \relax 
l.825 ...tem Flow of Emotion-Based Music Player}}}
                                                   [1

 <./rahulop-img004.jpg>]
Underfull \hbox (badness 10000) has occurred while \output is active
\T1/cmr/m/n/10 2
 []


pdfTeX warning (ext4): destination with the same identifier (name{page.2}) has 
been already used, duplicate ignored
<to be read again> 
                   \relax 
l.848 \clearpage
                {\bfseries [2 <./rahulop-img005.jpg>]
Underfull \hbox (badness 10000) has occurred while \output is active
\T1/cmr/m/n/10 3
 []

[3

]
<rahulop-img006.jpg, id=75, 778.91pt x 344.28625pt>
File: rahulop-img006.jpg Graphic file (type jpg)
<use rahulop-img006.jpg>
Package pdftex.def Info: rahulop-img006.jpg  used on input line 901.
(pdftex.def)             Requested size: 452.9923pt x 189.72049pt.

Overfull \hbox (14.99693pt too wide) in paragraph at lines 901--902
[][] 
 []


Underfull \hbox (badness 10000) has occurred while \output is active
\T1/cmr/m/n/10 1
 []


pdfTeX warning (ext4): destination with the same identifier (name{page.1}) has 
been already used, duplicate ignored
<to be read again> 
                   \relax 
l.948 \ 
        \textbf{Result:} Customize music list based on emotion-recognized in...
[1

 <./rahulop-img006.jpg>]
<rahulop-img007.jpg, id=84, 525.965pt x 735.74875pt>
File: rahulop-img007.jpg Graphic file (type jpg)
<use rahulop-img007.jpg>
Package pdftex.def Info: rahulop-img007.jpg  used on input line 951.
(pdftex.def)             Requested size: 272.53227pt x 376.41692pt.

Underfull \hbox (badness 10000) has occurred while \output is active
\T1/cmr/m/n/10 2
 []


pdfTeX warning (ext4): destination with the same identifier (name{page.2}) has 
been already used, duplicate ignored
<to be read again> 
                   \relax 
l.977 T
       he EMO algorithm employs the following formula to calculate the song ...
[2 <./rahulop-img007.jpg>]
Underfull \hbox (badness 10000) has occurred while \output is active
\T1/cmr/m/n/10 3
 []


pdfTeX warning (ext4): destination with the same identifier (name{page.3}) has 
been already used, duplicate ignored
<to be read again> 
                   \relax 
l.1023 \clearpage
                 \setcounter{page}{1}\pagestyle{Convertedx} [3]
File: rahulop-img004.jpg Graphic file (type jpg)
<use rahulop-img004.jpg>
Package pdftex.def Info: rahulop-img004.jpg  used on input line 1030.
(pdftex.def)             Requested size: 321.45769pt x 228.84477pt.

Underfull \hbox (badness 10000) has occurred while \output is active
\T1/cmr/m/n/10 1
 []


pdfTeX warning (ext4): destination with the same identifier (name{page.1}) has 
been already used, duplicate ignored
<to be read again> 
                   \relax 
l.1040 \clearpage
                 \setcounter{page}{1}\pagestyle{Convertedxi} [1

]
<rahulop-img008.jpg, id=97, 891.33pt x 766.865pt>
File: rahulop-img008.jpg Graphic file (type jpg)
<use rahulop-img008.jpg>
Package pdftex.def Info: rahulop-img008.jpg  used on input line 1050.
(pdftex.def)             Requested size: 418.57155pt x 408.7885pt.

Underfull \hbox (badness 10000) has occurred while \output is active
\T1/cmr/m/n/10 1
 []


pdfTeX warning (ext4): destination with the same identifier (name{page.1}) has 
been already used, duplicate ignored
<to be read again> 
                   \relax 
l.1157 \clearpage
                 {\bfseries [1

 <./rahulop-img008.jpg>]
<rahulop-img009.jpg, id=103, 728.7225pt x 776.9025pt>
File: rahulop-img009.jpg Graphic file (type jpg)
<use rahulop-img009.jpg>
Package pdftex.def Info: rahulop-img009.jpg  used on input line 1160.
(pdftex.def)             Requested size: 392.61473pt x 363.57942pt.

Underfull \hbox (badness 10000) has occurred while \output is active
\T1/cmr/m/n/10 2
 []


pdfTeX warning (ext4): destination with the same identifier (name{page.2}) has 
been already used, duplicate ignored
<to be read again> 
                   \relax 
l.1204 
        [2

 <./rahulop-img009.jpg>]
<rahulop-img010.jpg, id=111, 853.1875pt x 946.53625pt>
File: rahulop-img010.jpg Graphic file (type jpg)
<use rahulop-img010.jpg>
Package pdftex.def Info: rahulop-img010.jpg  used on input line 1206.
(pdftex.def)             Requested size: 465.24486pt x 464.48564pt.

Overfull \hbox (12.2495pt too wide) in paragraph at lines 1206--1207
 [] 
 []


Underfull \hbox (badness 10000) has occurred while \output is active
\T1/cmr/m/n/10 3
 []


pdfTeX warning (ext4): destination with the same identifier (name{page.3}) has 
been already used, duplicate ignored
<to be read again> 
                   \relax 
l.1211 \clearpage
                 {\bfseries [3 <./rahulop-img010.jpg>]
<rahulop-img011.jpg, id=116, 744.7825pt x 558.085pt>
File: rahulop-img011.jpg Graphic file (type jpg)
<use rahulop-img011.jpg>
Package pdftex.def Info: rahulop-img011.jpg  used on input line 1227.
(pdftex.def)             Requested size: 450.33911pt x 337.519pt.

Overfull \hbox (12.34375pt too wide) in paragraph at lines 1227--1228
[][] 
 []


Underfull \hbox (badness 10000) has occurred while \output is active
\T1/cmr/m/n/10 4
 []

[4

 <./rahulop-img011.jpg>]
Underfull \hbox (badness 10000) has occurred while \output is active
\T1/cmr/m/n/10 1
 []


pdfTeX warning (ext4): destination with the same identifier (name{page.1}) has 
been already used, duplicate ignored
<to be read again> 
                   \relax 
l.1263 \clearpage
                 \setcounter{page}{1}\pagestyle{Convertedxiii} [1

]
Underfull \hbox (badness 10000) has occurred while \output is active
\T1/cmr/m/n/10 1
 []


pdfTeX warning (ext4): destination with the same identifier (name{page.1}) has 
been already used, duplicate ignored
<to be read again> 
                   \relax 
l.1284 \clearpage
                 \setcounter{page}{1}\pagestyle{Convertedxiv} [1

]
Underfull \hbox (badness 10000) has occurred while \output is active
\T1/cmr/m/n/10 1
 []


pdfTeX warning (ext4): destination with the same identifier (name{page.1}) has 
been already used, duplicate ignored
<to be read again> 
                   \relax 
l.1395 \end{document}
                      [1

] (./rahul_op.aux)
Package rerunfilecheck Info: File `rahul_op.out' has not changed.
(rerunfilecheck)             Checksum: D41D8CD98F00B204E9800998ECF8427E;0.
 ) 
Here is how much of TeX's memory you used:
 11060 strings out of 477975
 173921 string characters out of 5839280
 1861330 words of memory out of 5000000
 30972 multiletter control sequences out of 15000+600000
 518104 words of font info for 46 fonts, out of 8000000 for 9000
 59 hyphenation exceptions out of 8191
 75i,9n,76p,383b,472s stack positions out of 10000i,1000n,20000p,200000b,200000s
 </home/shantanu/.texlive2022/texmf-var/fonts/pk/ljfour/jknappen/ec/tcrm1000.
600pk> </home/shantanu/.texlive2022/texmf-var/fonts/pk/ljfour/jknappen/ec/ecbi1
000.600pk> </home/shantanu/.texlive2022/texmf-var/fonts/pk/ljfour/jknappen/ec/e
crm1000.600pk> </home/shantanu/.texlive2022/texmf-var/fonts/pk/ljfour/jknappen/
ec/ecbx1000.600pk></usr/share/texlive/texmf-dist/fonts/type1/public/amsfonts/cm
/cmsy10.pfb>
Output written on rahul_op.pdf (23 pages, 613641 bytes).
PDF statistics:
 366 PDF objects out of 1000 (max. 8388607)
 134 compressed objects within 2 object streams
 48 named destinations out of 1000 (max. 500000)
 56 words of extra memory for PDF output out of 10000 (max. 10000000)

