\BOOKMARK [2][-]{section*.1}{\376\377\000S\000a\000v\000i\000t\000r\000i\000b\000a\000i\000\040\000P\000h\000u\000l\000e\000\040\000P\000u\000n\000e\000\040\000U\000n\000i\000v\000e\000r\000s\000i\000t\000y}{}% 1
\BOOKMARK [2][-]{section*.2}{\376\377\000P\000r\000a\000j\000a\000k\000t\000a\000\040\000T\000e\000k\000a\000l\000e\000\040\000-\000\040\000T\000E\000T\000C\0002\0000\0001\0004}{}% 2
\BOOKMARK [2][-]{section*.3}{\376\377\000P\000r\000a\000c\000h\000i\000\040\000T\000o\000r\000a\000w\000e\000\040\000-\000\040\000T\000E\000T\000C\0002\0000\0003\0000}{}% 3
\BOOKMARK [2][-]{section*.4}{\376\377\000P\000r\000a\000t\000i\000m\000a\000\040\000S\000a\000t\000p\000u\000t\000e\000\040\000-\000\040\000T\000E\000T\000C\0002\0000\0007\0002}{}% 4
\BOOKMARK [2][-]{section*.5}{\376\377\000N\000i\000k\000i\000t\000a\000\040\000C\000h\000a\000v\000a\000n}{}% 5
\BOOKMARK [2][-]{section*.6}{\376\377\000D\000r\000.\000\040\000D\000.\000Y\000.\000\040\000P\000A\000T\000I\000L\000\040\000I\000N\000S\000T\000I\000T\000U\000T\000E\000\040\000O\000F\000\040\000E\000N\000G\000I\000N\000E\000E\000R\000I\000N\000G\000\040\000M\000A\000N\000A\000G\000E\000M\000E\000N\000T\000\040\000A\000N\000D\000\040\000R\000E\000S\000E\000A\000R\000C\000H\000,\000\040\000A\000K\000U\000R\000D\000I\000,\000\040\000P\000U\000N\000E\000\040\040\023\000\040\0004\0001\0001\0000\0004\0004}{}% 6
\BOOKMARK [2][-]{section*.7}{\376\377\000D\000r\000.\000\040\000D\000.\000\040\000Y\000.\000\040\000P\000A\000T\000I\000L\000\040\000I\000N\000S\000T\000I\000T\000U\000T\000E\000\040\000O\000F\000\040\000E\000N\000G\000I\000N\000E\000E\000R\000I\000N\000G\000\040\000M\000A\000N\000A\000G\000E\000M\000E\000N\000T\000A\000N\000D\000R\000E\000S\000E\000A\000R\000C\000H\000,\000\040\000A\000K\000U\000R\000D\000I\000,}{}% 7
\BOOKMARK [2][-]{section*.8}{\376\377\000D\000E\000P\000A\000R\000T\000M\000E\000N\000T\000\040\000O\000F\000\040\000E\000L\000E\000C\000T\000R\000O\000N\000I\000C\000S\000\040\000\046\000\040\000T\000E\000L\000E\000C\000O\000M\000M\000U\000N\000I\000C\000A\000T\000I\000O\000N\000\040\000E\000N\000G\000I\000N\000E\000E\000R\000I\000N\000G}{}% 8
\BOOKMARK [3][-]{section*.9}{\376\377\000C\000E\000R\000T\000I\000F\000I\000C\000A\000T\000E}{section*.8}% 9
\BOOKMARK [3][-]{section*.10}{\376\377\000D\000E\000C\000L\000A\000R\000A\000T\000I\000O\000N}{section*.8}% 10
\BOOKMARK [1][-]{section*.11}{\376\377\000A\000b\000s\000t\000r\000a\000c\000t}{}% 11
\BOOKMARK [1][-]{section*.12}{\376\377\0001\000.\0001\000\040\000P\000r\000o\000b\000l\000e\000m\000\040\000S\000t\000a\000t\000e\000m\000e\000n\000t\000:}{}% 12
\BOOKMARK [1][-]{section*.13}{\376\377\000N\000e\000e\000d\000\040\000o\000f\000\040\000t\000h\000e\000\040\000S\000y\000s\000t\000e\000m\000:}{}% 13
\BOOKMARK [1][-]{section*.14}{\376\377\000E\000x\000i\000s\000t\000i\000n\000g\000\040\000S\000y\000s\000t\000e\000m\000:}{}% 14
\BOOKMARK [1][-]{section*.15}{\376\377\0004\000\040\000P\000r\000o\000p\000o\000s\000e\000d\000\040\000S\000y\000s\000t\000e\000m\000:}{}% 15
\BOOKMARK [1][-]{section*.16}{\376\377\000C\000h\000a\000p\000t\000e\000r\000\040\000I\000I\000:}{}% 16
\BOOKMARK [1][-]{section*.17}{\376\377\000C\000h\000a\000p\000t\000e\000r\000\040\000I\000I\000I\000:\000\040\000O\000b\000j\000e\000c\000t\000i\000v\000e}{}% 17
\BOOKMARK [1][-]{section*.18}{\376\377\000C\000h\000a\000p\000t\000e\000r\000\040\000I\000V\000:}{}% 18
\BOOKMARK [2][-]{section*.19}{\376\377\000F\000i\000g\000\040\0001\000.\000F\000l\000o\000w\000c\000h\000a\000r\000t\000\040\000:\000\040\000I\000O\000T\000\040\000B\000a\000s\000e\000d\000\040\000I\000n\000c\000i\000n\000e\000r\000a\000t\000o\000r\000\040\000S\000y\000s\000t\000e\000m}{section*.18}% 19
\BOOKMARK [1][-]{section*.20}{\376\377\000C\000h\000a\000p\000t\000e\000r\000\040\000V\000:}{}% 20
\BOOKMARK [1][-]{section*.21}{\376\377\000A\000p\000p\000l\000i\000c\000a\000t\000i\000o\000n\000s\000:}{}% 21
\BOOKMARK [1][-]{section*.22}{\376\377\000C\000h\000a\000p\000t\000e\000r\000\040\000V\000I\000:\000\040\000C\000o\000m\000p\000o\000n\000e\000n\000t\000s}{}% 22
\BOOKMARK [2][-]{section*.23}{\376\377\000N\000o\000d\000e\000\040\000M\000C\000U\000\040\000E\000S\000P\0008\0002\0006\0006}{section*.22}% 23
\BOOKMARK [2][-]{section*.24}{\376\377\000U\000l\000t\000r\000a\000s\000o\000n\000i\000c\000\040\000S\000e\000n\000s\000o\000r}{section*.22}% 24
\BOOKMARK [2][-]{section*.25}{\376\377\0001\0006\000*\0002\000\040\000L\000C\000D\000\040\000D\000i\000s\000p\000l\000a\000y\000:}{section*.22}% 25
\BOOKMARK [2][-]{section*.26}{\376\377\000F\000i\000g\000\040\0004\000:\000\040\000L\000C\000D\000\040\000D\000i\000s\000p\000l\000a\000y}{section*.22}% 26
\BOOKMARK [2][-]{section*.27}{\376\377\000F\000i\000g\000\040\0005\000\040\000:\000\040\000I\000R\000\040\000S\000e\000n\000s\000o\000r}{section*.22}% 27
\BOOKMARK [2][-]{section*.28}{\376\377\000S\000e\000r\000v\000o\000\040\000M\000o\000t\000o\000r}{section*.22}% 28
\BOOKMARK [2][-]{section*.29}{\376\377\000F\000i\000g\000\040\0006\000\040\000:\000\040\000S\000e\000r\000v\000o\000\040\000M\000o\000t\000o\000r}{section*.22}% 29
\BOOKMARK [1][-]{section*.30}{\376\377\000C\000h\000a\000p\000t\000e\000r\000\040\000V\000I\000I\000:}{}% 30
\BOOKMARK [2][-]{section*.31}{\376\377\000B\000l\000o\000c\000k\000\040\000D\000i\000a\000g\000r\000a\000m\000\040\000O\000f\000\040\000I\000o\000T\000\040\000b\000a\000s\000e\000d\000\040\000I\000n\000c\000i\000n\000e\000r\000a\000t\000o\000r\000:}{section*.30}% 31
\BOOKMARK [1][-]{section*.32}{\376\377\000O\000u\000t\000c\000o\000m\000e}{}% 32
\BOOKMARK [2][-]{section*.33}{\376\377\000I\000m\000p\000r\000o\000v\000e\000d\000\040\000E\000f\000f\000i\000c\000i\000e\000n\000c\000y\000:}{section*.32}% 33
\BOOKMARK [2][-]{section*.34}{\376\377\000E\000m\000i\000s\000s\000i\000o\000n\000s\000\040\000R\000e\000d\000u\000c\000t\000i\000o\000n\000:}{section*.32}% 34
\BOOKMARK [2][-]{section*.35}{\376\377\000C\000o\000s\000t\000\040\000S\000a\000v\000i\000n\000g\000s\000:}{section*.32}% 35
\BOOKMARK [1][-]{section*.36}{\376\377\000C\000h\000a\000p\000t\000e\000r}{}% 36
\BOOKMARK [1][-]{section*.37}{\376\377\000C\000o\000n\000c\000l\000u\000s\000i\000o\000n}{}% 37
\BOOKMARK [1][-]{section*.38}{\376\377\000C\000h\000a\000p\000t\000e\000r\000\040\000X\000:\000\040\000R\000e\000s\000u\000l\000t\000\040\000a\000n\000d\000\040\000F\000u\000t\000u\000r\000e}{}% 38
\BOOKMARK [1][-]{section*.39}{\376\377\000R\000e\000s\000u\000l\000t\000s\000:}{}% 39
\BOOKMARK [2][-]{section*.40}{\376\377\000W\000o\000r\000k\000i\000n\000g\000\040\000M\000o\000d\000e\000l\000:}{section*.39}% 40
\BOOKMARK [1][-]{section*.41}{\376\377\000F\000u\000t\000u\000r\000e\000\040\000S\000c\000o\000p\000e\000:}{}% 41
\BOOKMARK [2][-]{section*.42}{\376\377\000I\000n\000t\000e\000g\000r\000a\000t\000i\000o\000n\000\040\000o\000f\000\040\000A\000r\000t\000i\000f\000i\000c\000i\000a\000l\000\040\000I\000n\000t\000e\000l\000l\000i\000g\000e\000n\000c\000e\000\040\000\050\000A\000I\000\051\000:}{section*.41}% 42
\BOOKMARK [2][-]{section*.43}{\376\377\000E\000n\000e\000r\000g\000y\000\040\000R\000e\000c\000o\000v\000e\000r\000y\000\040\000O\000p\000t\000i\000m\000i\000z\000a\000t\000i\000o\000n\000:}{section*.41}% 43
\BOOKMARK [2][-]{section*.44}{\376\377\000W\000a\000s\000t\000e\000\040\000S\000o\000r\000t\000i\000n\000g\000\040\000a\000n\000d\000\040\000S\000e\000g\000r\000e\000g\000a\000t\000i\000o\000n\000\040\000I\000n\000t\000e\000g\000r\000a\000t\000i\000o\000n\000:}{section*.41}% 44
\BOOKMARK [2][-]{section*.45}{\376\377\000A\000d\000v\000a\000n\000c\000e\000d\000\040\000S\000e\000n\000s\000o\000r\000T\000e\000c\000h\000n\000o\000l\000o\000g\000i\000e\000s\000:}{section*.41}% 45
\BOOKMARK [2][-]{section*.46}{\376\377\000B\000l\000o\000c\000k\000c\000h\000a\000i\000n\000\040\000f\000o\000r\000A\000c\000c\000o\000u\000n\000t\000a\000b\000i\000l\000i\000t\000y\000:}{section*.41}% 46
\BOOKMARK [1][-]{section*.47}{\376\377\000C\000h\000a\000p\000t\000e\000r\000\040\000X\000I\000:\000\040\000R\000e\000f\000e\000r\000e\000n\000c\000e\000s}{}% 47
\BOOKMARK [1][-]{section*.48}{\376\377\000C\000h\000a\000p\000t\000e\000r\000\040\000X\000I\000:\000\040\000E\000x\000p\000e\000n\000d\000i\000t\000u\000r\000e}{}% 48
